<?xml version="1.0" encoding="UTF-8"?>
<!-- Generated by org.testng.reporters.JUnitXMLReporter -->
<testsuite hostname="MUNTASIR-BOCTC10" ignored="0" name="Default test" tests="5" failures="0" timestamp="2021-01-17T12:56:03 BDT" time="91.84" errors="0">
  <testcase name="productTest" time="14.417" classname="com.ProductOrder.TC_ProductOrder"/>
  <testcase name="productTest2" time="17.017" classname="com.ProductOrder.TC_ProductOrder"/>
  <testcase name="productTest3" time="18.202" classname="com.ProductOrder.TC_ProductOrder"/>
  <testcase name="productTest4" time="17.532" classname="com.ProductOrder.TC_ProductOrder"/>
  <testcase name="productTest5" time="17.255" classname="com.ProductOrder.TC_ProductOrder"/>
</testsuite> <!-- Default test -->
